<?xml version="1.0" encoding="UTF-8"?>
<!-- Generated by org.testng.reporters.JUnitReportReporter -->
<testsuite hostname="SYNPSZD4426" name="main.ManualUserStories.US_181351" tests="3" failures="0" timestamp="30 May 2018 15:42:34 GMT" time="66.031" errors="0">
  <testcase name="tc_01" time="22.142" classname="main.ManualUserStories.US_181351"/>
  <testcase name="tc_02" time="21.967" classname="main.ManualUserStories.US_181351"/>
  <testcase name="tc_03" time="21.922" classname="main.ManualUserStories.US_181351"/>
</testsuite> <!-- main.ManualUserStories.US_181351 -->
