<?xml version="1.0" encoding="UTF-8"?>
<!-- Generated by org.testng.reporters.JUnitReportReporter -->
<testsuite hostname="SYNPSZD4426" name="main.NewUserStories.US_206734" tests="2" failures="0" timestamp="30 May 2018 15:42:34 GMT" time="8.396" errors="0">
  <testcase name="TC_01" time="4.047" classname="main.NewUserStories.US_206734"/>
  <testcase name="TC_02" time="4.349" classname="main.NewUserStories.US_206734"/>
</testsuite> <!-- main.NewUserStories.US_206734 -->
