<?xml version="1.0" encoding="UTF-8"?>
<!-- Generated by org.testng.reporters.JUnitReportReporter -->
<testsuite hostname="SYNPS8154833" name="main.ManualUserStories.US_199878" tests="1" failures="0" timestamp="31 May 2018 14:07:04 GMT" time="24.221" errors="0">
  <testcase name="tc_01" time="24.221" classname="main.ManualUserStories.US_199878"/>
</testsuite> <!-- main.ManualUserStories.US_199878 -->
