<?xml version="1.0" encoding="UTF-8"?>
<!-- Generated by org.testng.reporters.JUnitReportReporter -->
<testsuite hostname="SYNPS8154833" name="main.NewUserStories.US_210209" tests="4" failures="0" timestamp="1 Jun 2018 07:20:59 GMT" time="199.003" errors="0">
  <testcase name="tc_02" time="42.865" classname="main.NewUserStories.US_210209"/>
  <testcase name="tc_03" time="46.128" classname="main.NewUserStories.US_210209"/>
  <testcase name="tc_10" time="67.944" classname="main.NewUserStories.US_210209"/>
  <testcase name="tc_01" time="42.066" classname="main.NewUserStories.US_210209"/>
</testsuite> <!-- main.NewUserStories.US_210209 -->
