<?xml version="1.0" encoding="UTF-8"?>
<!-- Generated by org.testng.reporters.JUnitReportReporter -->
<testsuite hostname="SYNPSZD4426" name="main.NewUserStories.US_207255" tests="3" failures="0" timestamp="30 May 2018 15:42:34 GMT" time="73.432" errors="0">
  <testcase name="TC_01" time="13.224" classname="main.NewUserStories.US_207255"/>
  <testcase name="TC_04" time="47.204" classname="main.NewUserStories.US_207255"/>
  <testcase name="TC_03" time="13.004" classname="main.NewUserStories.US_207255"/>
</testsuite> <!-- main.NewUserStories.US_207255 -->
