<?xml version="1.0" encoding="UTF-8"?>
<!-- Generated by org.testng.reporters.JUnitReportReporter -->
<testsuite hostname="SYNPSZD4426" name="main.ManualUserStories.US_182103" tests="8" failures="0" timestamp="30 May 2018 15:42:34 GMT" time="141.259" errors="0">
  <testcase name="tc_08" time="22.778" classname="main.ManualUserStories.US_182103"/>
  <testcase name="tc_04" time="12.356" classname="main.ManualUserStories.US_182103"/>
  <testcase name="tc_07" time="22.558" classname="main.ManualUserStories.US_182103"/>
  <testcase name="tc_06" time="22.616" classname="main.ManualUserStories.US_182103"/>
  <testcase name="tc_01" time="15.337" classname="main.ManualUserStories.US_182103"/>
  <testcase name="tc_03" time="12.262" classname="main.ManualUserStories.US_182103"/>
  <testcase name="tc_05" time="21.010" classname="main.ManualUserStories.US_182103"/>
  <testcase name="tc_02" time="12.342" classname="main.ManualUserStories.US_182103"/>
</testsuite> <!-- main.ManualUserStories.US_182103 -->
