<?xml version="1.0" encoding="UTF-8"?>
<!-- Generated by org.testng.reporters.JUnitReportReporter -->
<testsuite hostname="SYNPSZD4426" name="main.ManualUserStories.US_182143" tests="5" failures="0" timestamp="30 May 2018 15:42:34 GMT" time="154.539" errors="0">
  <testcase name="tc_04" time="40.002" classname="main.ManualUserStories.US_182143"/>
  <testcase name="tc_01" time="30.397" classname="main.ManualUserStories.US_182143"/>
  <testcase name="tc_02" time="27.200" classname="main.ManualUserStories.US_182143"/>
  <testcase name="tc_05" time="29.733" classname="main.ManualUserStories.US_182143"/>
  <testcase name="tc_03" time="27.207" classname="main.ManualUserStories.US_182143"/>
</testsuite> <!-- main.ManualUserStories.US_182143 -->
