<?xml version="1.0" encoding="UTF-8"?>
<!-- Generated by org.testng.reporters.JUnitReportReporter -->
<testsuite hostname="SYNPSZD4426" name="main.NewUserStories.US_208105" tests="16" failures="0" timestamp="30 May 2018 15:42:34 GMT" time="695.392" errors="0">
  <testcase name="TC_12" time="38.177" classname="main.NewUserStories.US_208105"/>
  <testcase name="TC_10" time="42.612" classname="main.NewUserStories.US_208105"/>
  <testcase name="TC_07" time="45.553" classname="main.NewUserStories.US_208105"/>
  <testcase name="TC_13" time="37.568" classname="main.NewUserStories.US_208105"/>
  <testcase name="TC_09" time="43.643" classname="main.NewUserStories.US_208105"/>
  <testcase name="TC_14" time="52.018" classname="main.NewUserStories.US_208105"/>
  <testcase name="TC_06" time="44.752" classname="main.NewUserStories.US_208105"/>
  <testcase name="TC_15" time="42.272" classname="main.NewUserStories.US_208105"/>
  <testcase name="TC_16" time="33.826" classname="main.NewUserStories.US_208105"/>
  <testcase name="TC_05" time="47.873" classname="main.NewUserStories.US_208105"/>
  <testcase name="TC_11" time="40.736" classname="main.NewUserStories.US_208105"/>
  <testcase name="TC_04" time="46.262" classname="main.NewUserStories.US_208105"/>
  <testcase name="TC_01" time="44.436" classname="main.NewUserStories.US_208105"/>
  <testcase name="TC_02" time="50.686" classname="main.NewUserStories.US_208105"/>
  <testcase name="TC_03" time="43.359" classname="main.NewUserStories.US_208105"/>
  <testcase name="TC_08" time="41.619" classname="main.NewUserStories.US_208105"/>
</testsuite> <!-- main.NewUserStories.US_208105 -->
