<?xml version="1.0" encoding="UTF-8"?>
<!-- Generated by org.testng.reporters.JUnitReportReporter -->
<testsuite hostname="SYNPSZD4426" name="main.NewUserStories.US_208606" tests="1" failures="0" timestamp="30 May 2018 15:42:34 GMT" time="29.507" errors="0">
  <testcase name="tc_01" time="29.507" classname="main.NewUserStories.US_208606"/>
</testsuite> <!-- main.NewUserStories.US_208606 -->
