<?xml version="1.0" encoding="UTF-8"?>
<!-- Generated by org.testng.reporters.JUnitReportReporter -->
<testsuite hostname="SYNPSZD4426" name="main.NewUserStories.US_210268" tests="6" failures="0" timestamp="30 May 2018 15:42:34 GMT" time="241.067" errors="0">
  <testcase name="tc_03" time="37.782" classname="main.NewUserStories.US_210268"/>
  <testcase name="tc_06" time="53.332" classname="main.NewUserStories.US_210268"/>
  <testcase name="tc_05" time="29.676" classname="main.NewUserStories.US_210268"/>
  <testcase name="tc_04" time="43.170" classname="main.NewUserStories.US_210268"/>
  <testcase name="tc_01" time="37.419" classname="main.NewUserStories.US_210268"/>
  <testcase name="tc_02" time="39.688" classname="main.NewUserStories.US_210268"/>
</testsuite> <!-- main.NewUserStories.US_210268 -->
