<?xml version="1.0" encoding="UTF-8"?>
<!-- Generated by org.testng.reporters.JUnitReportReporter -->
<testsuite hostname="SYNPSZD4426" name="main.ManualUserStories.US_181986" tests="2" failures="0" timestamp="30 May 2018 15:42:34 GMT" time="22.800" errors="0">
  <testcase name="tc_02" time="11.239" classname="main.ManualUserStories.US_181986"/>
  <testcase name="tc_01" time="11.561" classname="main.ManualUserStories.US_181986"/>
</testsuite> <!-- main.ManualUserStories.US_181986 -->
