<?xml version="1.0" encoding="UTF-8"?>
<!-- Generated by org.testng.reporters.JUnitReportReporter -->
<testsuite hostname="SYNPSZD4426" name="main.ManualUserStories.US_182141" tests="1" failures="0" timestamp="30 May 2018 15:42:34 GMT" time="26.011" errors="0">
  <testcase name="tc_01" time="26.011" classname="main.ManualUserStories.US_182141"/>
</testsuite> <!-- main.ManualUserStories.US_182141 -->
