<?xml version="1.0" encoding="UTF-8"?>
<!-- Generated by org.testng.reporters.JUnitReportReporter -->
<testsuite hostname="SYNPSZD4426" name="main.NewUserStories.US_207163" tests="5" failures="0" timestamp="30 May 2018 15:42:34 GMT" time="77.347" errors="0">
  <testcase name="tc_01" time="12.258" classname="main.NewUserStories.US_207163"/>
  <testcase name="tc_03" time="12.851" classname="main.NewUserStories.US_207163"/>
  <testcase name="tc_05" time="28.288" classname="main.NewUserStories.US_207163"/>
  <testcase name="tc_04" time="11.856" classname="main.NewUserStories.US_207163"/>
  <testcase name="tc_02" time="12.094" classname="main.NewUserStories.US_207163"/>
</testsuite> <!-- main.NewUserStories.US_207163 -->
