<?xml version="1.0" encoding="UTF-8"?>
<!-- Generated by org.testng.reporters.JUnitReportReporter -->
<testsuite hostname="SYNPSZD4426" name="main.NewUserStories.US_206721" tests="1" failures="0" timestamp="30 May 2018 15:42:34 GMT" time="48.949" errors="0">
  <testcase name="tc_01" time="48.949" classname="main.NewUserStories.US_206721"/>
</testsuite> <!-- main.NewUserStories.US_206721 -->
