<?xml version="1.0" encoding="UTF-8"?>
<!-- Generated by org.testng.reporters.JUnitReportReporter -->
<testsuite hostname="SYNPSZD4426" name="main.ManualUserStories.US_180713" tests="5" failures="0" timestamp="30 May 2018 15:42:34 GMT" time="175.284" errors="0">
  <testcase name="tc_02" time="30.720" classname="main.ManualUserStories.US_180713"/>
  <testcase name="tc_05" time="28.693" classname="main.ManualUserStories.US_180713"/>
  <testcase name="tc_01" time="47.812" classname="main.ManualUserStories.US_180713"/>
  <testcase name="tc_03" time="38.990" classname="main.ManualUserStories.US_180713"/>
  <testcase name="tc_04" time="29.069" classname="main.ManualUserStories.US_180713"/>
</testsuite> <!-- main.ManualUserStories.US_180713 -->
