<?xml version="1.0" encoding="UTF-8"?>
<!-- Generated by org.testng.reporters.JUnitReportReporter -->
<testsuite hostname="SYNPSZD4426" name="main.NewUserStories.US_210233" tests="2" failures="0" timestamp="30 May 2018 15:42:34 GMT" time="92.013" errors="0">
  <testcase name="tc_01" time="52.122" classname="main.NewUserStories.US_210233"/>
  <testcase name="tc_02" time="39.891" classname="main.NewUserStories.US_210233"/>
</testsuite> <!-- main.NewUserStories.US_210233 -->
