<?xml version="1.0" encoding="UTF-8"?>
<!-- Generated by org.testng.reporters.JUnitReportReporter -->
<testsuite hostname="SYNPSZD4426" name="main.ManualUserStories.US_199880" tests="1" failures="0" timestamp="30 May 2018 15:42:34 GMT" time="24.953" errors="0">
  <testcase name="tc_02" time="24.953" classname="main.ManualUserStories.US_199880"/>
</testsuite> <!-- main.ManualUserStories.US_199880 -->
