<?xml version="1.0" encoding="UTF-8"?>
<!-- Generated by org.testng.reporters.JUnitReportReporter -->
<testsuite hostname="SYNPSZD4426" name="main.ManualUserStories.US_171941" tests="2" failures="0" timestamp="30 May 2018 15:42:34 GMT" time="50.343" errors="0">
  <testcase name="TC_02" time="24.740" classname="main.ManualUserStories.US_171941"/>
  <testcase name="tc_01" time="25.603" classname="main.ManualUserStories.US_171941"/>
</testsuite> <!-- main.ManualUserStories.US_171941 -->
