<?xml version="1.0" encoding="UTF-8"?>
<!-- Generated by org.testng.reporters.JUnitReportReporter -->
<testsuite hostname="SYNPSZD4426" name="main.ManualUserStories.US_182029" tests="1" failures="0" timestamp="30 May 2018 15:42:34 GMT" time="16.984" errors="0">
  <testcase name="tc_01" time="16.984" classname="main.ManualUserStories.US_182029"/>
</testsuite> <!-- main.ManualUserStories.US_182029 -->
