<?xml version="1.0" encoding="UTF-8"?>
<!-- Generated by org.testng.reporters.JUnitReportReporter -->
<testsuite hostname="SYNPSZD4426" name="main.ManualUserStories.US_182023" tests="2" failures="0" timestamp="30 May 2018 15:42:34 GMT" time="50.440" errors="0">
  <testcase name="tc_02" time="24.814" classname="main.ManualUserStories.US_182023"/>
  <testcase name="tc_01" time="25.626" classname="main.ManualUserStories.US_182023"/>
</testsuite> <!-- main.ManualUserStories.US_182023 -->
