<?xml version="1.0" encoding="UTF-8"?>
<!-- Generated by org.testng.reporters.JUnitReportReporter -->
<testsuite hostname="SYNPSZD4426" name="main.NewUserStories.US_210220" tests="2" failures="0" timestamp="30 May 2018 15:42:34 GMT" time="18.530" errors="0">
  <testcase name="TC_02" time="7.357" classname="main.NewUserStories.US_210220"/>
  <testcase name="TC_01" time="11.173" classname="main.NewUserStories.US_210220"/>
</testsuite> <!-- main.NewUserStories.US_210220 -->
