<?xml version="1.0" encoding="UTF-8"?>
<!-- Generated by org.testng.reporters.JUnitReportReporter -->
<testsuite hostname="SYNPSZD4426" name="main.NewUserStories.US_207727" tests="3" failures="0" timestamp="30 May 2018 15:42:34 GMT" time="42.704" errors="0">
  <testcase name="tc_04" time="28.707" classname="main.NewUserStories.US_207727"/>
  <testcase name="tc_01" time="7.897" classname="main.NewUserStories.US_207727"/>
  <testcase name="tc_02" time="6.100" classname="main.NewUserStories.US_207727"/>
</testsuite> <!-- main.NewUserStories.US_207727 -->
