<?xml version="1.0" encoding="UTF-8"?>
<!-- Generated by org.testng.reporters.JUnitReportReporter -->
<testsuite hostname="SYNPSZD4426" name="main.ManualUserStories.US_182102" tests="8" failures="0" timestamp="30 May 2018 15:42:34 GMT" time="128.887" errors="0">
  <testcase name="tc_08" time="17.495" classname="main.ManualUserStories.US_182102"/>
  <testcase name="tc_05" time="18.157" classname="main.ManualUserStories.US_182102"/>
  <testcase name="tc_07" time="17.549" classname="main.ManualUserStories.US_182102"/>
  <testcase name="tc_03" time="14.625" classname="main.ManualUserStories.US_182102"/>
  <testcase name="tc_06" time="17.770" classname="main.ManualUserStories.US_182102"/>
  <testcase name="tc_04" time="14.536" classname="main.ManualUserStories.US_182102"/>
  <testcase name="tc_01" time="14.227" classname="main.ManualUserStories.US_182102"/>
  <testcase name="tc_02" time="14.528" classname="main.ManualUserStories.US_182102"/>
</testsuite> <!-- main.ManualUserStories.US_182102 -->
