<?xml version="1.0" encoding="UTF-8"?>
<!-- Generated by org.testng.reporters.JUnitReportReporter -->
<testsuite hostname="SYNPSZD4426" name="main.ManualUserStories.US_156253" tests="6" failures="0" timestamp="30 May 2018 15:42:34 GMT" time="149.564" errors="0">
  <testcase name="tc_02" time="28.125" classname="main.ManualUserStories.US_156253"/>
  <testcase name="tc_05" time="27.148" classname="main.ManualUserStories.US_156253"/>
  <testcase name="tc_03" time="21.369" classname="main.ManualUserStories.US_156253"/>
  <testcase name="tc_01" time="21.677" classname="main.ManualUserStories.US_156253"/>
  <testcase name="tc_06" time="25.953" classname="main.ManualUserStories.US_156253"/>
  <testcase name="tc_04" time="25.292" classname="main.ManualUserStories.US_156253"/>
</testsuite> <!-- main.ManualUserStories.US_156253 -->
