<?xml version="1.0" encoding="UTF-8"?>
<!-- Generated by org.testng.reporters.JUnitReportReporter -->
<testsuite hostname="SYNPS8154549" name="main.ManualUserStories.US_158342" tests="7" failures="0" timestamp="29 May 2018 08:53:52 GMT" time="69.311" errors="0">
  <testcase name="tc_02" time="4.238" classname="main.ManualUserStories.US_158342"/>
  <testcase name="tc_04" time="4.249" classname="main.ManualUserStories.US_158342"/>
  <testcase name="tc_06" time="4.223" classname="main.ManualUserStories.US_158342"/>
  <testcase name="tc_07" time="36.700" classname="main.ManualUserStories.US_158342"/>
  <testcase name="tc_03" time="4.266" classname="main.ManualUserStories.US_158342"/>
  <testcase name="tc_01" time="11.236" classname="main.ManualUserStories.US_158342"/>
  <testcase name="tc_05" time="4.399" classname="main.ManualUserStories.US_158342"/>
</testsuite> <!-- main.ManualUserStories.US_158342 -->
