<?xml version="1.0" encoding="UTF-8"?>
<!-- Generated by org.testng.reporters.JUnitReportReporter -->
<testsuite hostname="SYNPSZD4426" name="main.ManualUserStories.US_192673" tests="3" failures="0" timestamp="30 May 2018 15:42:34 GMT" time="67.478" errors="0">
  <testcase name="tc_02" time="21.581" classname="main.ManualUserStories.US_192673"/>
  <testcase name="tc_03" time="26.343" classname="main.ManualUserStories.US_192673"/>
  <testcase name="tc_01" time="19.554" classname="main.ManualUserStories.US_192673"/>
</testsuite> <!-- main.ManualUserStories.US_192673 -->
