<?xml version="1.0" encoding="UTF-8"?>
<!-- Generated by org.testng.reporters.JUnitReportReporter -->
<testsuite hostname="SYNPS8154833" name="main.US_182054" tests="2" failures="0" timestamp="27 Apr 2018 22:58:19 GMT" time="11.017" errors="0">
  <testcase name="tc_01" time="6.866" classname="main.US_182054"/>
  <testcase name="tc_02" time="4.151" classname="main.US_182054"/>
</testsuite> <!-- main.US_182054 -->
