<?xml version="1.0" encoding="UTF-8"?>
<!-- Generated by org.testng.reporters.JUnitReportReporter -->
<testsuite hostname="SYNPSZD4426" name="main.ManualUserStories.US_182046" tests="8" failures="0" timestamp="30 May 2018 15:42:34 GMT" time="143.653" errors="0">
  <testcase name="tc_06" time="18.331" classname="main.ManualUserStories.US_182046"/>
  <testcase name="tc_01" time="16.882" classname="main.ManualUserStories.US_182046"/>
  <testcase name="tc_02" time="17.678" classname="main.ManualUserStories.US_182046"/>
  <testcase name="tc_03" time="17.019" classname="main.ManualUserStories.US_182046"/>
  <testcase name="tc_07" time="20.399" classname="main.ManualUserStories.US_182046"/>
  <testcase name="tc_08" time="18.335" classname="main.ManualUserStories.US_182046"/>
  <testcase name="tc_04" time="17.346" classname="main.ManualUserStories.US_182046"/>
  <testcase name="tc_05" time="17.663" classname="main.ManualUserStories.US_182046"/>
</testsuite> <!-- main.ManualUserStories.US_182046 -->
