<?xml version="1.0" encoding="UTF-8"?>
<!-- Generated by org.testng.reporters.JUnitReportReporter -->
<testsuite hostname="SYNPSZD4426" name="main.ManualUserStories.US_153276" tests="2" failures="0" timestamp="30 May 2018 15:42:34 GMT" time="19.381" errors="0">
  <testcase name="tc_02" time="11.419" classname="main.ManualUserStories.US_153276"/>
  <testcase name="tc_01" time="7.962" classname="main.ManualUserStories.US_153276"/>
</testsuite> <!-- main.ManualUserStories.US_153276 -->
