<?xml version="1.0" encoding="UTF-8"?>
<!-- Generated by org.testng.reporters.JUnitReportReporter -->
<testsuite hostname="SYNPSZD4426" name="main.ManualUserStories.US_103635" tests="18" failures="0" timestamp="30 May 2018 15:42:34 GMT" time="262.637" errors="0">
  <testcase name="tc_04" time="30.659" classname="main.ManualUserStories.US_103635"/>
  <testcase name="tc_14" time="16.025" classname="main.ManualUserStories.US_103635"/>
  <testcase name="tc_05" time="11.996" classname="main.ManualUserStories.US_103635"/>
  <testcase name="tc_16" time="21.376" classname="main.ManualUserStories.US_103635"/>
  <testcase name="tc_08" time="16.485" classname="main.ManualUserStories.US_103635"/>
  <testcase name="tc_10" time="12.031" classname="main.ManualUserStories.US_103635"/>
  <testcase name="tc_11" time="15.553" classname="main.ManualUserStories.US_103635"/>
  <testcase name="tc_13" time="15.111" classname="main.ManualUserStories.US_103635"/>
  <testcase name="tc_02" time="8.753" classname="main.ManualUserStories.US_103635"/>
  <testcase name="tc_03" time="8.632" classname="main.ManualUserStories.US_103635"/>
  <testcase name="tc_12" time="12.078" classname="main.ManualUserStories.US_103635"/>
  <testcase name="tc_15" time="12.022" classname="main.ManualUserStories.US_103635"/>
  <testcase name="tc_01" time="8.947" classname="main.ManualUserStories.US_103635"/>
  <testcase name="tc_07" time="8.970" classname="main.ManualUserStories.US_103635"/>
  <testcase name="tc_09" time="15.755" classname="main.ManualUserStories.US_103635"/>
  <testcase name="tc_17" time="9.996" classname="main.ManualUserStories.US_103635"/>
  <testcase name="tc_06" time="26.269" classname="main.ManualUserStories.US_103635"/>
  <testcase name="tc_18" time="11.979" classname="main.ManualUserStories.US_103635"/>
</testsuite> <!-- main.ManualUserStories.US_103635 -->
