<?xml version="1.0" encoding="UTF-8"?>
<!-- Generated by org.testng.reporters.JUnitReportReporter -->
<testsuite hostname="SYNPSZD4426" name="main.NewUserStories.US_207729" tests="3" failures="0" timestamp="30 May 2018 15:42:34 GMT" time="78.678" errors="0">
  <testcase name="tc_03" time="22.757" classname="main.NewUserStories.US_207729"/>
  <testcase name="tc_01" time="32.937" classname="main.NewUserStories.US_207729"/>
  <testcase name="tc_02" time="22.984" classname="main.NewUserStories.US_207729"/>
</testsuite> <!-- main.NewUserStories.US_207729 -->
