<?xml version="1.0" encoding="UTF-8"?>
<!-- Generated by org.testng.reporters.JUnitReportReporter -->
<testsuite hostname="SYNPSZD4426" name="main.NewUserStories.US_208614" tests="5" failures="0" timestamp="30 May 2018 15:42:34 GMT" time="65.147" errors="0">
  <testcase name="tc_03" time="6.994" classname="main.NewUserStories.US_208614"/>
  <testcase name="tc_01" time="6.678" classname="main.NewUserStories.US_208614"/>
  <testcase name="tc_04" time="7.546" classname="main.NewUserStories.US_208614"/>
  <testcase name="tc_05" time="35.082" classname="main.NewUserStories.US_208614"/>
  <testcase name="tc_02" time="8.847" classname="main.NewUserStories.US_208614"/>
</testsuite> <!-- main.NewUserStories.US_208614 -->
