<?xml version="1.0" encoding="UTF-8"?>
<!-- Generated by org.testng.reporters.JUnitReportReporter -->
<testsuite hostname="SYNPS8154549" name="main.ManualUserStories.US_181929" tests="5" failures="0" timestamp="29 May 2018 10:01:48 GMT" time="77.471" errors="0">
  <testcase name="tc_04" time="16.891" classname="main.ManualUserStories.US_181929"/>
  <testcase name="tc_03" time="16.971" classname="main.ManualUserStories.US_181929"/>
  <testcase name="tc_05" time="13.618" classname="main.ManualUserStories.US_181929"/>
  <testcase name="tc_01" time="15.413" classname="main.ManualUserStories.US_181929"/>
  <testcase name="tc_02" time="14.578" classname="main.ManualUserStories.US_181929"/>
</testsuite> <!-- main.ManualUserStories.US_181929 -->
