<?xml version="1.0" encoding="UTF-8"?>
<!-- Generated by org.testng.reporters.JUnitReportReporter -->
<testsuite hostname="SYNPSZD4426" name="main.NewUserStories.US_208080" tests="2" failures="0" timestamp="30 May 2018 15:42:34 GMT" time="42.061" errors="0">
  <testcase name="tc_01" time="10.062" classname="main.NewUserStories.US_208080"/>
  <testcase name="tc_02" time="31.999" classname="main.NewUserStories.US_208080"/>
</testsuite> <!-- main.NewUserStories.US_208080 -->
