<?xml version="1.0" encoding="UTF-8"?>
<!-- Generated by org.testng.reporters.JUnitReportReporter -->
<testsuite hostname="SYNPSZD4426" name="main.NewUserStories.US_210273" tests="5" failures="0" timestamp="30 May 2018 15:42:34 GMT" time="262.317" errors="0">
  <testcase name="tc_05" time="83.910" classname="main.NewUserStories.US_210273"/>
  <testcase name="tc_03" time="56.593" classname="main.NewUserStories.US_210273"/>
  <testcase name="tc_01" time="36.993" classname="main.NewUserStories.US_210273"/>
  <testcase name="tc_04" time="42.078" classname="main.NewUserStories.US_210273"/>
  <testcase name="tc_02" time="42.743" classname="main.NewUserStories.US_210273"/>
</testsuite> <!-- main.NewUserStories.US_210273 -->
