<?xml version="1.0" encoding="UTF-8"?>
<!-- Generated by org.testng.reporters.JUnitReportReporter -->
<testsuite hostname="SYNPSZD4426" name="main.NewUserStories.US_210229" tests="2" failures="0" timestamp="30 May 2018 15:42:34 GMT" time="23.522" errors="0">
  <testcase name="TC_01" time="14.323" classname="main.NewUserStories.US_210229"/>
  <testcase name="TC_02" time="9.199" classname="main.NewUserStories.US_210229"/>
</testsuite> <!-- main.NewUserStories.US_210229 -->
