<?xml version="1.0" encoding="UTF-8"?>
<!-- Generated by org.testng.reporters.JUnitReportReporter -->
<testsuite hostname="SYNPSZD4426" name="main.NewUserStories.US_207701" tests="2" failures="0" timestamp="30 May 2018 15:42:34 GMT" time="43.060" errors="0">
  <testcase name="TC_02" time="32.512" classname="main.NewUserStories.US_207701"/>
  <testcase name="TC_01" time="10.548" classname="main.NewUserStories.US_207701"/>
</testsuite> <!-- main.NewUserStories.US_207701 -->
