<?xml version="1.0" encoding="UTF-8"?>
<!-- Generated by org.testng.reporters.JUnitReportReporter -->
<testsuite hostname="SYNPSZD4426" name="main.NewUserStories.US_210955" tests="2" failures="0" timestamp="30 May 2018 15:42:34 GMT" time="27.316" errors="0">
  <testcase name="TC_02" time="13.246" classname="main.NewUserStories.US_210955"/>
  <testcase name="TC_01" time="14.070" classname="main.NewUserStories.US_210955"/>
</testsuite> <!-- main.NewUserStories.US_210955 -->
