<?xml version="1.0" encoding="UTF-8"?>
<!-- Generated by org.testng.reporters.JUnitReportReporter -->
<testsuite hostname="SYNPSZD4426" name="main.NewUserStories.US_208525" tests="1" failures="0" timestamp="30 May 2018 15:42:34 GMT" time="50.699" errors="0">
  <testcase name="TC_02" time="50.699" classname="main.NewUserStories.US_208525"/>
</testsuite> <!-- main.NewUserStories.US_208525 -->
