<?xml version="1.0" encoding="UTF-8"?>
<!-- Generated by org.testng.reporters.JUnitReportReporter -->
<testsuite hostname="SYNPSZD4426" name="main.ManualUserStories.US_181951" tests="8" failures="0" timestamp="30 May 2018 15:42:34 GMT" time="196.301" errors="0">
  <testcase name="tc_02" time="22.674" classname="main.ManualUserStories.US_181951"/>
  <testcase name="tc_05" time="28.023" classname="main.ManualUserStories.US_181951"/>
  <testcase name="tc_04" time="25.497" classname="main.ManualUserStories.US_181951"/>
  <testcase name="tc_06" time="22.993" classname="main.ManualUserStories.US_181951"/>
  <testcase name="tc_03" time="25.865" classname="main.ManualUserStories.US_181951"/>
  <testcase name="tc_07" time="25.319" classname="main.ManualUserStories.US_181951"/>
  <testcase name="tc_01" time="22.140" classname="main.ManualUserStories.US_181951"/>
  <testcase name="tc_08" time="23.790" classname="main.ManualUserStories.US_181951"/>
</testsuite> <!-- main.ManualUserStories.US_181951 -->
