<?xml version="1.0" encoding="UTF-8"?>
<!-- Generated by org.testng.reporters.JUnitReportReporter -->
<testsuite hostname="SYNPSZD4426" name="main.NewUserStories.US_208526" tests="6" failures="0" timestamp="30 May 2018 15:42:34 GMT" time="55.670" errors="0">
  <testcase name="TC_01" time="6.893" classname="main.NewUserStories.US_208526"/>
  <testcase name="TC_03" time="10.222" classname="main.NewUserStories.US_208526"/>
  <testcase name="TC_06" time="14.720" classname="main.NewUserStories.US_208526"/>
  <testcase name="TC_05" time="8.110" classname="main.NewUserStories.US_208526"/>
  <testcase name="TC_02" time="9.422" classname="main.NewUserStories.US_208526"/>
  <testcase name="TC_04" time="6.303" classname="main.NewUserStories.US_208526"/>
</testsuite> <!-- main.NewUserStories.US_208526 -->
