<?xml version="1.0" encoding="UTF-8"?>
<!-- Generated by org.testng.reporters.JUnitReportReporter -->
<testsuite hostname="SYNPSZD4426" name="main.NewUserStories.US_208528" tests="3" failures="0" timestamp="30 May 2018 15:42:34 GMT" time="40.186" errors="0">
  <testcase name="TC_03" time="13.340" classname="main.NewUserStories.US_208528"/>
  <testcase name="TC_01" time="13.383" classname="main.NewUserStories.US_208528"/>
  <testcase name="TC_02" time="13.463" classname="main.NewUserStories.US_208528"/>
</testsuite> <!-- main.NewUserStories.US_208528 -->
