<?xml version="1.0" encoding="UTF-8"?>
<!-- Generated by org.testng.reporters.JUnitReportReporter -->
<testsuite hostname="SYNPSZD4426" name="main.ManualUserStories.US_181547" tests="2" failures="0" timestamp="30 May 2018 15:42:34 GMT" time="13.303" errors="0">
  <testcase name="TC_02" time="8.003" classname="main.ManualUserStories.US_181547"/>
  <testcase name="tc_01" time="5.300" classname="main.ManualUserStories.US_181547"/>
</testsuite> <!-- main.ManualUserStories.US_181547 -->
