<?xml version="1.0" encoding="UTF-8"?>
<!-- Generated by org.testng.reporters.JUnitReportReporter -->
<testsuite hostname="SYNPSZD4426" name="main.NewUserStories.US_207719" tests="2" failures="0" timestamp="30 May 2018 15:42:34 GMT" time="11.919" errors="0">
  <testcase name="tc_01" time="5.780" classname="main.NewUserStories.US_207719"/>
  <testcase name="tc_02" time="6.139" classname="main.NewUserStories.US_207719"/>
</testsuite> <!-- main.NewUserStories.US_207719 -->
